<?xml version="1.0" encoding="UTF-8"?>
<!-- Generated by org.testng.reporters.JUnitReportReporter -->
<testsuite hostname="DESKTOP-DQADO6I" name="test.testDesktop" tests="1" failures="0" timestamp="25 Oct 2017 02:16:09 GMT" time="13.850" errors="0">
  <testcase name="desktop" time="13.850" classname="test.testDesktop"/>
</testsuite> <!-- test.testDesktop -->
