<?xml version="1.0" encoding="UTF-8"?>
<!-- Generated by org.testng.reporters.JUnitReportReporter -->
<testsuite hostname="DESKTOP-DQADO6I" name="test.testDesktop" tests="8" failures="0" timestamp="14 Nov 2017 10:35:54 GMT" time="63.762" errors="0">
  <testcase name="desktop_newSheet" time="13.500" classname="test.testDesktop"/>
  <testcase name="desktop_doc_setting_1" time="6.350" classname="test.testDesktop"/>
  <testcase name="desktop_show_type" time="3.324" classname="test.testDesktop"/>
  <testcase name="desktop_doc_setting_3" time="5.202" classname="test.testDesktop"/>
  <testcase name="desktop_newDoc" time="13.009" classname="test.testDesktop"/>
  <testcase name="desktop_newFolder" time="6.115" classname="test.testDesktop"/>
  <testcase name="desktop_doc_setting_6" time="11.264" classname="test.testDesktop"/>
  <testcase name="desktop_doc_setting_2" time="4.998" classname="test.testDesktop"/>
</testsuite> <!-- test.testDesktop -->
