<?xml version="1.0" encoding="UTF-8"?>
<!-- Generated by org.testng.reporters.JUnitReportReporter -->
<testsuite hostname="DESKTOP-DQADO6I" name="test.testZhuZhan" tests="1" failures="0" timestamp="13 Nov 2017 07:44:29 GMT" time="19.878" errors="0">
  <testcase name="testQiYeGL_transferCompany" time="19.878" classname="test.testZhuZhan"/>
</testsuite> <!-- test.testZhuZhan -->
