<?xml version="1.0" encoding="UTF-8"?>
<!-- Generated by org.testng.reporters.JUnitReportReporter -->
<testsuite hostname="DESKTOP-DQADO6I" name="test.testDesktop" tests="1" failures="0" timestamp="24 Oct 2017 09:18:44 GMT" time="8.996" errors="0">
  <testcase name="desktop" time="8.996" classname="test.testDesktop"/>
</testsuite> <!-- test.testDesktop -->
